ctype/asm_isalnum
ctype/asm_isalpha
ctype/asm_isascii
ctype/asm_isbdigit
ctype/asm_iscntrl
ctype/asm_isdigit
ctype/asm_isgraph
ctype/asm_islower
ctype/asm_isodigit
ctype/asm_isoob
ctype/asm_isprint
ctype/asm_ispunct
ctype/asm_isspace
ctype/asm_isupper
ctype/asm_isxdigit
ctype/asm_toascii
ctype/asm_tolower
ctype/asm_toupper
ctype/isalnum
ctype/isalpha
ctype/isascii
ctype/isbdigit
ctype/iscntrl
ctype/isdigit
ctype/isgraph
ctype/islower
ctype/isodigit
ctype/isoob
ctype/isprint
ctype/ispunct
ctype/isspace
ctype/isupper
ctype/isxdigit
ctype/toascii
ctype/tolower
ctype/toupper
