stdio/abc80/fgetc_cons
stdio/abc80/getk
stdio/ansi/f_ansi
stdio/ansi/f_ansi_lf
stdio/ansi/f_ansi_putc
stdio/ansi/fputc_cons
stdio/ansi/puts_cons
stdio/ansi/f_ansi_dsr6
stdio/ansi/abc80/f_ansi_attr
stdio/ansi/abc80/f_ansi_bel
stdio/ansi/abc80/f_ansi_char
stdio/ansi/abc80/f_ansi_cls
stdio/ansi/abc80/f_ansi_dline
stdio/ansi/abc80/f_ansi_scrollup
time/abc80/clock
@gfxbase.lst
graphics/clg
graphics/clrarea
graphics/abc80/clsgraph
graphics/dcircle
graphics/lftscrol
graphics/abc80/pixel
graphics/abc80/pointxy
graphics/plotpixl_smc
graphics/respixl_smc
graphics/xorpixl_smc
graphics/pointxy
graphics/fill
graphics/dfill2
graphics/putsprite3
graphics/liner
graphics/stencil_render
graphics/swapgfxbk_foo
games/joystick
abc80/abc_inv
@z80.lst
