stdio/ace/fputc_cons
stdio/ace/fgetc_cons
stdio/ace/getk
time/ace/clock
@gfxbase.lst
graphics/dcircle
graphics/clg
graphics/clrarea
graphics/ace/clsgraph
graphics/lftscrol
graphics/text6/div3
graphics/text6/loadudg6
graphics/ace/plotpixl
graphics/ace/respixl
graphics/ace/xorpixl
graphics/ace/pointxy
graphics/fill
graphics/dfill2
graphics/putsprite2
graphics/liner
graphics/stencil_render
graphics/swapgfxbk_foo
games/joystick
games/bit_open
games/bit_open_di
games/bit_close
games/bit_close_ei
games/bit_click
games/bit_play
games/bit_fx
games/bit_fx2
games/bit_fx3
games/bit_fx4
games/bit_synth
games/bit_frequency
games/bit_beep
games/beeper
@ace/ace.lst
@z80.lst
