stdio/aquarius/fgetc_cons
stdio/aquarius/getk
stdio/ansi/f_ansi
stdio/ansi/f_ansi_lf
stdio/ansi/f_ansi_putc
stdio/ansi/fputc_cons
stdio/ansi/puts_cons
stdio/ansi/f_ansi_dsr6
stdio/ansi/aquarius/f_ansi_attr
stdio/ansi/aquarius/f_ansi_bel
stdio/ansi/aquarius/f_ansi_char
stdio/ansi/aquarius/f_ansi_cls
stdio/ansi/aquarius/f_ansi_dline
stdio/ansi/aquarius/f_ansi_scrollup
@gfxbasetxt6.lst
graphics/aquarius/textpixl6
games/bit_open
games/bit_open_di
games/bit_close
games/bit_close_ei
games/bit_click
games/bit_play
games/bit_fx
games/bit_fx2
games/bit_fx3
games/bit_fx4
games/bit_synth
games/bit_frequency
games/bit_beep
games/beeper
games/joystick
psg/aquarius/set_psg
psg/aquarius/set_psg_callee
psg/aquarius/get_psg
psg/aquarius/psg_init
@psg/psg.lst
@z80.lst
