@cpcgray.lst
graphics/circle
graphics/cpc/clg
graphics/clga
graphics/cpc/clrarea
graphics/dcircle2
graphics/cpc/draw
graphics/drawb
graphics/cpc/drawr
graphics/getmaxx
graphics/getmaxy
graphics/lbitmask
graphics/lftscrol
graphics/lscroll
graphics/cpc/plot
graphics/plotpixl
graphics/point
graphics/pointxy
graphics/multipoint
graphics/rbitmask
graphics/respixl
graphics/rscroll
graphics/uncircle
graphics/cpc/undraw
graphics/undrawb
graphics/cpc/undrawr
graphics/cpc/unplot
graphics/drawbox
graphics/xorborder
graphics/xorplot
graphics/xorpixl
graphics/setxy
graphics/cpc/fill
graphics/cpc/putsprite
graphics/getsprite
graphics/bksave
graphics/bkrestore
graphics/cpc/pixladdr
graphics/cpc/swapgfxbk
graphics/clsgraph
graphics/stencil_render
games/cpc/joystick
cpc/cpmfirmware
cpc/bios_msg
cpc/cpc_fdc
cpc/cpc_model
cpc/cpc_rsx
cpc/cpc_rsx_str
cpc/cpc_rsx_strcpy
cpc/cpc_rsx_strcpy_callee
cpc/fdc_address
psg/cpc/set_psg
psg/cpc/set_psg_callee
psg/cpc/get_psg
psg/cpc/psg_init
@psg/psg.lst
