stdio/cpm/fgetc_cons
stdio/cpm/getk
stdio/cpm/fputc_cons
stdio/puts_cons
time/gmtime
time/localtime
time/mktime
time/cpm/clock
time/cpm/time
fcntl/cpm/bios
fcntl/cpm/bdos
fcntl/cpm/close
fcntl/cpm/creat
fcntl/cpm/change_volume
fcntl/cpm/dir_move_first
fcntl/cpm/dir_move_next
fcntl/cpm/dir_get_entry_type
fcntl/cpm/dir_get_entry_name
fcntl/cpm/dir_get_entry_size
fcntl/cpm/get_current_volume
fcntl/cpm/get_dir_name
fcntl/cpm/fdtell
fcntl/cpm/getfcb
fcntl/cpm/lseek
fcntl/cpm/open
fcntl/cpm/open_z88
fcntl/cpm/parsefcb
fcntl/cpm/_putoffset
fcntl/cpm/read
fcntl/cpm/readbyte
fcntl/cpm/remove
fcntl/cpm/rename
fcntl/cpm/setfcb
fcntl/cpm/write
fcntl/cpm/writebyte
games/joystick
@z80.lst
