@gfxbase.lst
graphics/dcircle2
graphics/zx81/hr/clg
graphics/zx81/hr/_clg_hr
graphics/clrarea2
graphics/lftscrol
graphics/liner2
graphics/plotpixl
graphics/pointxy
graphics/respixl
graphics/fill
graphics/dfill2
graphics/getsprite
graphics/putsprite
graphics/stencil_render
graphics/bksave
graphics/bkrestore
graphics/xorpixl
graphics/zx81/swapgfxbk
graphics/zx81/hr/pixladdr
graphics/zx81/hr/invhrg
graphics/zx81/hr/copytxt
graphics/zx81/hr/hrg_tune_left
graphics/zx81/hr/hrg_tune_right
graphics/gray/g_circle
graphics/gray/zx81/g_clg
graphics/gray/g_draw
graphics/gray/g_drawb
graphics/gray/g_drawr
graphics/gray/g_page
graphics/gray/grpage
graphics/gray/g_plot
graphics/gray/g_point
