graphics/w_circle
graphics/w_dcircle
graphics/w_draw
graphics/w_drawto
graphics/w_drawr
graphics/getmaxx
graphics/getmaxy
graphics/lbitmask
graphics/w_line
graphics/w_liner
graphics/lscroll
graphics/w_plot
graphics/w_point
graphics/w_stencil_add_circle
graphics/w_stencil_add_liner
graphics/w_stencil_add_lineto
graphics/w_stencil_add_side
graphics/w_stencil_add_point
graphics/w_stencil_add_pixel
graphics/w_stencil_init
graphics/dither_pattern
graphics/w_multipoint
graphics/rbitmask
graphics/rscroll
graphics/w_uncircle
graphics/w_undraw
graphics/w_undrawto
graphics/w_undrawr
graphics/w_unplot
graphics/w_setxy
graphics/w_xorplot
