graphics/circle
graphics/clga
graphics/draw
graphics/draw_profile
graphics/drawb
graphics/drawr
graphics/drawto
graphics/getmaxx
graphics/getmaxy
graphics/lbitmask
graphics/line
graphics/liner
graphics/lscroll
graphics/plot
graphics/point
graphics/stencil_add_circle
graphics/stencil_add_liner
graphics/stencil_add_lineto
graphics/stencil_add_side
graphics/stencil_add_point
graphics/stencil_add_pixel
graphics/stencil_init
graphics/dither_pattern
graphics/multipoint
graphics/rbitmask
graphics/rscroll
graphics/uncircle
graphics/undraw
graphics/undrawb
graphics/undrawr
graphics/undrawto
graphics/unplot
graphics/drawbox
graphics/setxy
graphics/xorborder
graphics/xorplot
