stdio/m5/fgetc_cons
stdio/m5/getk
stdio/m5/fputc_cons
stdio/puts_cons
@gfxbase.lst
graphics/dcircle
graphics/msx/gen_clg
graphics/clrarea
graphics/lftscrol
graphics/msx/pixladdr
graphics/msx/plotpixl
graphics/msx/respixl
graphics/msx/xorpixl
graphics/msx/pointxy
graphics/getsprite
graphics/msx/putsprite
graphics/msx/bksave
graphics/msx/bkrestore
graphics/liner
graphics/msx/swapgfxbk
graphics/msx/stencil_render
graphics/msx/surface/surface_circle
graphics/msx/surface/surface_draw
graphics/msx/surface/surface_pixladdr
graphics/msx/surface/surface_plotpixl
graphics/msx/surface/surface_stencil_render
msx/gen_filvrm
msx/gen_ldirmv
msx/gen_ldirvm
msx/gen_setrd
msx/gen_setwrt
msx/gen_set_vdp_reg
msx/gen_get_vdp_reg
msx/msx_blit
msx/msx_blit_fill_vram
msx/msx_blit_ram_vram
msx/msx_calculate_side
msx/gen_color
msx/gen_get_trigger
msx/msx_map_m2_block
msx/msx_map_m2_pixel
msx/msx_map_m2_subpixel
msx/msx_put_sprite_16
msx/msx_put_sprite_8
msx/msx_set_char
msx/msx_set_char_attr
msx/msx_set_char_color
msx/msx_set_char_form
msx/gen_set_mode
msx/msx_set_sprite_16
msx/msx_set_sprite_8
msx/msx_set_sprite_mode
msx/gen_vfill
msx/msx_vfill_v
msx/msx_vmerge
msx/msx_vpeek
msx/msx_vpoke
msx/gen_vram
msx/gen_vread
msx/gen_vwrite
msx/gen_vwrite_direct
@z80.lst
