stdio/mc1000/fgetc_cons
stdio/mc1000/getk
stdio/ansi/f_ansi
stdio/ansi/f_ansi_lf
stdio/ansi/f_ansi_putc
stdio/ansi/fputc_cons
stdio/ansi/puts_cons
stdio/ansi/f_ansi_dsr6
stdio/ansi/mc1000/f_ansi_attr
stdio/ansi/mc1000/f_ansi_bel
stdio/ansi/mc1000/f_ansi_char
@gfxbase.lst
graphics/dcircle2
graphics/clrarea
graphics/lftscrol
graphics/mc1000/plotpixl
graphics/mc1000/respixl
graphics/mc1000/xorpixl
graphics/mc1000/pointxy
graphics/fill
graphics/mc1000/dfill
graphics/getsprite
graphics/mc1000/putsprite
graphics/mc1000/bksave
graphics/mc1000/bkrestore
graphics/mc1000/swapgfxbk
graphics/mc1000/stencil_render
time/mc1000/clock
games/mc1000/joystick
games/mc1000/bit_open
games/mc1000/bit_open_di
games/mc1000/bit_close
games/mc1000/bit_close_ei
games/bit_click
games/bit_play
games/bit_fx
games/bit_fx2
games/bit_fx3
games/bit_fx4
games/bit_synth
games/bit_frequency
games/bit_beep
games/beeper
psg/mc1000/set_psg
psg/mc1000/set_psg_callee
psg/mc1000/get_psg
psg/mc1000/psg_init
@z80.lst
