stdio/mz/fgetc_cons
stdio/mz/getk
stdio/ansi/f_ansi
stdio/ansi/f_ansi_lf
stdio/ansi/f_ansi_putc
stdio/ansi/fputc_cons
stdio/ansi/puts_cons
stdio/ansi/f_ansi_dsr6
stdio/ansi/sharp-mz/f_ansi_attr
stdio/ansi/sharp-mz/f_ansi_bel
stdio/ansi/sharp-mz/f_ansi_char
stdio/ansi/sharp-mz/f_ansi_cls
stdio/ansi/sharp-mz/f_ansi_dline
stdio/ansi/sharp-mz/f_ansi_scrollup
@gfxbase.lst
graphics/dcircle
graphics/clg
graphics/mz/clsgraph
graphics/clrarea
graphics/lftscrol
graphics/mz/plotpixl
graphics/mz/respixl
graphics/mz/xorpixl
graphics/mz/pointxy
graphics/fill
graphics/dfill2
graphics/putsprite2
graphics/liner
graphics/stencil_render
graphics/swapgfxbk_foo
games/joystick
@z80.lst
