stdio/nascom/fgetc_cons
stdio/nascom/getk
stdio/ansi/puts_cons
stdio/ansi/f_ansi
stdio/ansi/f_ansi_lf
stdio/ansi/f_ansi_putc
stdio/ansi/fputc_cons
stdio/ansi/f_ansi_dsr6
stdio/ansi/nascom/f_ansi_attr
stdio/ansi/nascom/f_ansi_bel
stdio/ansi/nascom/f_ansi_char
stdio/ansi/nascom/f_ansi_cls
stdio/ansi/generic/f_ansi_dline
stdio/ansi/nascom/f_ansi_scrollup
@gfxbase.lst
graphics/dcircle
graphics/clg
graphics/clrarea
graphics/nascom/clsgraph
graphics/lftscrol
graphics/nascom/textpixl6
graphics/text6/div3
graphics/nascom/plotpixl
graphics/nascom/respixl
graphics/nascom/xorpixl
graphics/nascom/pointxy
graphics/fill
graphics/dfill2
graphics/putsprite2
graphics/liner
graphics/stencil_render
graphics/nascom/swapgfxbk
games/joystick
@z80.lst
