stdio/p2000/fgetc_cons
stdio/p2000/getk
stdio/ansi/f_ansi
stdio/ansi/f_ansi_lf
stdio/ansi/f_ansi_putc
stdio/ansi/fputc_cons
stdio/ansi/puts_cons
stdio/ansi/f_ansi_dsr6
stdio/ansi/p2000/f_ansi_attr
stdio/ansi/p2000/f_ansi_bel
stdio/ansi/p2000/f_ansi_char
stdio/ansi/p2000/f_ansi_cls
stdio/ansi/p2000/f_ansi_dline
stdio/ansi/p2000/f_ansi_scrollup
time/p2000/clock
@gfxbase.lst
graphics/dcircle
graphics/clg
graphics/clrarea
graphics/p2000/clsgraph
graphics/lftscrol
graphics/text6/div3
graphics/p2000/plotpixl
graphics/p2000/respixl
graphics/p2000/xorpixl
graphics/p2000/pointxy
graphics/fill
graphics/dfill2
graphics/putsprite2
graphics/liner
graphics/stencil_render
graphics/p2000/swapgfxbk
games/p2000/bit_open
games/p2000/bit_open_di
games/p2000/bit_close
games/p2000/bit_close_ei
games/bit_click
games/bit_play
games/bit_fx
games/bit_fx2
games/bit_fx3
games/bit_fx4
games/bit_synth
games/bit_frequency
games/bit_beep
games/beeper
@z80.lst
