stdio/pc6001/fgetc_cons
stdio/pc6001/getk
stdio/pc6001/fputc_cons
stdio/pc6001/puts_cons
@gfxbase.lst
games/pc6001/joystick
graphics/dcircle
graphics/clg
graphics/pc6001/clsgraph
graphics/clrarea
graphics/lftscrol
graphics/pc6001/pixladdr
graphics/plotpixl
graphics/respixl
graphics/xorpixl
graphics/pointxy
graphics/fill
graphics/dfill
graphics/getsprite
graphics/liner
graphics/stencil_render
graphics/pc6001/putsprite
graphics/pc6001/bksave
graphics/pc6001/bkrestore
graphics/pc6001/swapgfxbk
psg/pc6001/set_psg
psg/pc6001/set_psg_callee
psg/pc6001/get_psg
psg/pc6001/psg_init
@psg/psg.lst
@z80.lst
