stdio/sprinter/fgetc_cons
stdio/sprinter/fputc_cons
stdio/sprinter/getk
stdio/sprinter/puts_cons
time/mktime
time/sprinter/clock
time/sprinter/time
fcntl/sprinter/close
fcntl/sprinter/creat
fcntl/sprinter/fdgetpos
fcntl/sprinter/fdtell
fcntl/sprinter/lseek
fcntl/sprinter/open
fcntl/sprinter/open_z88
fcntl/sprinter/read
fcntl/sprinter/readbyte
fcntl/sprinter/remove
fcntl/sprinter/rename
fcntl/sprinter/write
fcntl/sprinter/writebyte
fcntl/sprinter/rmdir
fcntl/sprinter/mkdir
fcntl/sprinter/getwd
fcntl/sprinter/getcwd
games/joystick
psg/spectrum/set_psg
psg/spectrum/set_psg_callee
psg/spectrum/get_psg
psg/spectrum/psg_init
@psg/psg.lst
@z80.lst
