stdio/sprinter/fgetc_cons
stdio/sprinter/getk
time/mktime
time/sprinter/clock
time/sprinter/time
fcntl/sprinter/close
fcntl/sprinter/creat
fcntl/sprinter/fdgetpos
fcntl/sprinter/fdtell
fcntl/sprinter/lseek
fcntl/sprinter/open
fcntl/sprinter/open_z88
fcntl/sprinter/read
fcntl/sprinter/readbyte
fcntl/sprinter/remove
fcntl/sprinter/rename
fcntl/sprinter/write
fcntl/sprinter/writebyte
fcntl/sprinter/rmdir
fcntl/sprinter/mkdir
fcntl/sprinter/getwd
fcntl/sprinter/getcwd
stdio/ansi/f_ansi
stdio/ansi/f_ansi_lf
stdio/ansi/f_ansi_putc
stdio/ansi/fputc_cons
stdio/ansi/puts_cons
stdio/ansi/f_ansi_dsr6
stdio/ansi/sprinter/f_ansi_attr
stdio/ansi/sprinter/f_ansi_bel
stdio/ansi/sprinter/f_ansi_char
stdio/ansi/sprinter/f_ansi_cls
stdio/ansi/sprinter/f_ansi_dline
stdio/ansi/sprinter/f_ansi_scrollup
games/joystick
psg/spectrum/set_psg
psg/spectrum/set_psg_callee
psg/spectrum/get_psg
psg/spectrum/psg_init
@psg/psg.lst
@z80.lst
