@ctype/ctype.lst
@stdlib/stdlib.lst
@strings/string.lst
rex/DsPrintf
rex/DsPrintfe
rex/input8
rex/output8
rex/syscall0
rex/syscall1
rex/syscall1p
rex/syscall2
rex/syscall3
rex/syscall4
rex/syscall4d
rex/syscall5
rex/syscall5p
rex/syscall6
rex/syscall6p
rex/syscallex
rex/syscallexl
rex/DbFindRecord
rex/DbGetRecordCount
rex/DbReadField
rex/DbUpdateField
rex/DbInsertRecord
rex/DbReadRecord
rex/DbUpdateRecord
rex/DbReadText
rex/DbInsertText
rex/DbDeleteText
rex/DsTrace
rex/farcall/farcall
rex/farcall/farcalld
rex/farcall/findlib
rex/graphics/pixaddr
rex/graphics/setpix
rex/graphics/setpixsave
rex/graphics/set4pix
rex/graphics/ellset4pix
rex/graphics/DsClearScreen
rex/graphics/DsFillScreen
rex/graphics/DsGetPixelAddr
rex/graphics/DsSetPixel
rex/graphics/DsDisplayCircle
rex/graphics/DsDisplayEllipse
setjmp/longjmp
setjmp/setjmp

