stdio/sms/fputc_cons
stdio/puts_cons
time/spectrum/clock
sms/clear_vram
sms/load_palette
sms/VRAMToHL
sms/load_tiles
sms/DrawOneLine
sms/set_bkg_map
sms/standard_font
sms/scroll_bkg
sms/get_vcount
sms/wait_vblank_noint
sms/set_sprite
sms/read_joypad1
sms/read_joypad2
msx/gen_set_vdp_reg
msx/gen_get_vdp_reg
sms/gotoxy
sms/aplib_depack
sms/add_raster_int
sms/add_pause_int
sms/set_sound_freq
sms/set_sound_volume
msx/gen_filvrm
msx/gen_ldirmv
msx/gen_ldirvm
msx/gen_setrd
msx/gen_setwrt
msx/gen_set_vdp_reg
msx/gen_get_vdp_reg
msx/msx_blit
msx/msx_blit_fill_vram
msx/msx_blit_ram_vram
msx/msx_calculate_side
msx/gen_color
msx/gen_get_trigger
msx/msx_map_m2_block
msx/msx_map_m2_pixel
msx/msx_map_m2_subpixel
msx/msx_put_sprite_16
msx/msx_put_sprite_8
msx/msx_set_char
msx/msx_set_char_attr
msx/msx_set_char_color
msx/msx_set_char_form
msx/gen_set_mode
msx/msx_set_sprite_16
msx/msx_set_sprite_8
msx/msx_set_sprite_mode
msx/gen_vfill
msx/msx_vfill_v
msx/msx_vmerge
msx/msx_vpeek
msx/msx_vpoke
msx/gen_vram
msx/gen_vread
msx/gen_vwrite
msx/gen_vwrite_direct
@z80.lst
