stdio/sos/fputc_cons
stdio/sos/fgetc_cons
stdio/sos/getk
stdio/puts_cons
sos/break_key.asm
sos/lptoff.asm
sos/lpton.asm
sos/print_error.asm
sos/screen.asm
sos/screen_callee .asm
sos/setcursorpos.asm
sos/setcursorpos_callee.asm
sos/get_cursor_x.asm
sos/get_cursor_y.asm
sos/get_sos_model.asm
sos/get_sos_version.asm
sos/width.asm
sos/sos_file.asm
sos/sos_file_callee.asm
sos/sos_ropen.asm
sos/sos_wopen.asm
sos/sos_rdd.asm
sos/sos_wrd.asm
sos/tape/rnd_saveblock
sos/tape/rnd_loadblock
sos/tape/tape_save.asm
sos/tape/tape_save_block.asm
sos/tape/tape_load.asm
sos/tape/tape_load_block.asm
@z80.lst
