stdio/msx/fgetc_cons
stdio/msx/getk
stdio/msx/fputc_cons
stdio/puts_cons
@gfxbase.lst
graphics/dcircle
graphics/msx/clg
graphics/clrarea
graphics/lftscrol
graphics/msx/pixladdr
graphics/msx/plotpixl
graphics/msx/respixl
graphics/msx/xorpixl
graphics/msx/pointxy
graphics/msx/fill
graphics/getsprite
graphics/msx/putsprite
graphics/msx/bksave
graphics/msx/bkrestore
graphics/liner
graphics/msx/swapgfxbk
graphics/msx/stencil_render
graphics/msx/surface/surface_circle
graphics/msx/surface/surface_draw
graphics/msx/surface/surface_pixladdr
graphics/msx/surface/surface_plotpixl
graphics/msx/surface/surface_stencil_render
games/msx/joystick
games/msx/bit_open
games/msx/bit_open_di
games/msx/bit_close
games/msx/bit_close_ei
games/bit_click
games/bit_play
games/bit_fx
games/bit_fx2
games/bit_fx3
games/bit_fx4
games/bit_synth
games/bit_frequency
games/bit_beep
games/beeper
msx/svi_filvrm
msx/svi_ldirvm
msx/svi_ldirmv
msx/svi_gttrig
msx/svi_gtstck
msx/svi_slstick
msx/set_vdp_reg
msx/get_vdp_reg
msx/svi_blank_noblank.asm
msx/msx_blit
msx/msx_blit_fill_vram
msx/msx_blit_ram_vram
msx/msx_break
msx/msx_calculate_side
msx/msx_clearkey
msx/msx_color
msx/msx_get_stick
msx/msx_get_trigger
msx/msx_locate
msx/msx_map_m2_block
msx/msx_map_m2_pixel
msx/msx_map_m2_subpixel
msx/msx_put_sprite_16
msx/msx_put_sprite_8
msx/svi_screen
msx/msx_screenmode
msx/msx_set_char
msx/msx_set_char_attr
msx/msx_set_char_color
msx/msx_set_char_form
msx/msx_set_mode
msx/msx_set_sprite_16
msx/msx_set_sprite_8
msx/msx_set_sprite_mode
msx/msx_text
msx/msx_type
msx/msx_vfill
msx/msx_vfill_v
msx/msx_vmerge
msx/msx_vpeek
msx/msx_vpoke
msx/svi_vram
msx/msx_vread
msx/msx_vwrite
msx/msx_vwrite_direct
psg/msx/psg_init
psg/msx/get_psg
psg/msx/set_psg
psg/msx/set_psg_callee
@psg/psg.lst
@z80.lst
