stdio/ticalc/fgetc_cons
stdio/ticalc/getk
stdio/ticalc/getk_decode
stdio/ansi/f_ansi
stdio/ansi/f_ansi_lf
stdio/ansi/f_ansi_putc
stdio/ansi/fputc_cons
stdio/ansi/puts_cons
stdio/ansi/f_ansi_dsr6
stdio/ansi/ticalc/f_ansi_attr
stdio/ansi/ticalc/f_ansi_bel
stdio/ansi/ticalc/f_ansi_char
stdio/ansi/ticalc/f_ansi_cls
stdio/ansi/ticalc/f_ansi_dline
stdio/ansi/ticalc/f_ansi_scrollup
@tigray.lst
@gfxbase.lst
graphics/dcircle
graphics/ticalc/clg
graphics/clrarea
graphics/lftscrol
graphics/ticalc/pixladdr
graphics/plotpixl
graphics/respixl
graphics/xorpixl
graphics/pointxy
graphics/fill
graphics/getsprite
graphics/liner
graphics/stencil_render
graphics/ticalc/putsprite
graphics/ticalc/bksave
graphics/ticalc/bkrestore
graphics/ticalc/swapgfxbk
games/ticalc/joystick
games/ticalc/bit_open
games/ticalc/bit_open_di
games/ticalc/bit_close
games/ticalc/bit_close_ei
games/bit_click
games/bit_play
games/bit_fx
games/bit_fx2
games/bit_fx3
games/bit_fx4
games/bit_synth
games/bit_frequency
games/bit_beep
games/beeper
@z80.lst
