stdio/vg5k/fgetc_cons
stdio/vg5k/getk
stdio/vg5k/fputc_cons
stdio/puts_cons
@gfxbase.lst
graphics/dcircle
graphics/clg
graphics/clrarea
graphics/vg5k/clsgraph
graphics/lftscrol
graphics/text6/div3
graphics/vg5k/plotpixl
graphics/vg5k/respixl
graphics/vg5k/xorpixl
graphics/vg5k/pointxy
graphics/fill
graphics/dfill2
graphics/putsprite2
graphics/liner
graphics/stencil_render
graphics/vg5k/swapgfxbk
games/vg5k/joystick
games/vg5k/bit_open
games/vg5k/bit_open_di
games/vg5k/bit_close
games/vg5k/bit_close_ei
games/bit_click
games/bit_play
games/bit_fx
games/bit_fx2
games/bit_fx3
games/bit_fx4
games/bit_synth
games/bit_frequency
games/bit_beep
games/beeper
@z80.lst
