@input/x1.lst
stdio/x1/fgetc_cons
stdio/x1/getk
stdio/ansi/puts_cons
stdio/ansi/f_ansi
stdio/ansi/f_ansi_lf
stdio/ansi/f_ansi_putc
stdio/ansi/fputc_cons
stdio/ansi/f_ansi_dsr6
stdio/ansi/x1/f_ansi_attr
stdio/ansi/x1/f_ansi_bel
stdio/ansi/x1/f_ansi_char
stdio/ansi/x1/f_ansi_cls
stdio/ansi/x1/f_ansi_dline
stdio/ansi/x1/f_ansi_scrollup
time/gmtime
time/localtime
time/mktime
time/x1/clock
time/x1/time
x1/subcpu_command
x1/subcpu_get
x1/subcpu_set
x1/set_crtc
x1/set_crtc_10
x1/set_crtc_reg
x1/x1_get_pcg_version
x1/x1_set_text_80
x1/x1_set_text_80_hs
x1/x1_set_text_40
x1/x1_set_text_40_hs
psg/x1/set_psg
psg/x1/set_psg_callee
psg/x1/get_psg
psg/x1/psg_init
@psg/psg.lst
@z80.lst
