assert/assert
@ctype/ctype.lst
printflike/fprintf
printflike/fscanf
printflike/itod
printflike/itou
printflike/itox
printflike/ltoa_any
printflike/printf
printflike/scanf
printflike/sprintf
printflike/sscanf
printflike/utoi
printflike/vfprintf_comp
printflike/vfprintf_fp
printflike/vfscanf
printflike/vsprintf
printflike/vsscanf
setjmp/longjmp
setjmp/setjmp
stdio/__cons_state
stdio/closeall
stdio/fabandon
stdio/fchkstd
stdio/fclose
stdio/fdopen
stdio/feof
stdio/fgetc
stdio/fgetpos
stdio/fgets
stdio/fgets_cons
stdio/fopen
stdio/fopen_z88
stdio/fputc
stdio/fputc_callee
stdio/fputs
stdio/fputs_callee
stdio/fread
stdio/freopen
stdio/freopen_z88
stdio/fseek
stdio/ftell
stdio/fwrite
stdio/gets
stdio/printk
stdio/printn
stdio/puts
stdio/ungetc
stdio/vfprintf_mini
@stdlib/stdlib.lst
stdio_new/error/stdio_error_zc
stdio_new/general/stdio_basechar
stdio_new/general/stdio_atou
stdio_new/general/stdio_ultoa_any
stdio_new/general/stdio_utoa_any
@strings/string.lst
@regex/regex.lst
