@input/spectrum.lst
stdio/spectrum/fgetc_cons
stdio/spectrum/fputc_cons
stdio/spectrum/getk
stdio/puts_cons
time/spectrum/clock
@gfxspectrum.lst
games/spectrum/joystick
games/spectrum/bit_open
games/spectrum/bit_open_di
games/spectrum/bit_close
games/spectrum/bit_close_ei
games/bit_click
games/bit_play
games/bit_fx
games/bit_fx2
games/bit_fx3
games/bit_fx4
games/bit_synth
games/bit_frequency
games/bit_beep
games/beeper
@spectrum/spectrum.lst
psg/spectrum/set_psg
psg/spectrum/set_psg_callee
psg/spectrum/get_psg
psg/spectrum/psg_init
@psg/psg.lst
@z80.lst
