@input/zx81.lst
stdio/zx80/fgetc_cons
stdio/zx80/getk
stdio/zx80/zx80_decode_keys
stdio/zx81/fputc_cons
stdio/puts_cons
time/zx81/clock
@gfxbase.lst
graphics/dcircle
graphics/clg
graphics/clrarea
graphics/zx81/clsgraph
graphics/lftscrol
graphics/zx80/textpixl
graphics/zx80/plotpixl
graphics/zx80/respixl
graphics/zx80/xorpixl
graphics/pointxy
graphics/putsprite3
graphics/liner
graphics/stencil_render
graphics/text/swapgfxbk
games/joystick
games/zx81snd/bit_open
games/zx81snd/bit_open_di
games/zx81snd/bit_close
games/zx81snd/bit_close_ei
games/bit_play
games/zx81snd/bit_fx
games/zx81snd/bit_fx2
games/zx81snd/bit_fx3
games/zx81snd/bit_fx4
games/bit_frequency
games/bit_beep
games/zx81snd/beeper
games/zx81snd/bit_synth
z80_crt0s/z80_emu/afswap
@zx81/zx81.lst
psg/zx81/set_psg
psg/zx81/set_psg_callee
psg/zx81/get_psg
psg/zx81/psg_init
@psg/psg.lst
@z80.lst
