@input/zx81.lst
stdio/zx81/fgetc_cons
stdio/zx81/getk
stdio/ansi/puts_cons
stdio/ansi/f_ansi
stdio/ansi/f_ansi_lf
stdio/ansi/f_ansi_putc
stdio/ansi/fputc_cons
stdio/ansi/f_ansi_dsr6
stdio/ansi/zx81/f_ansi_attr
stdio/ansi/zx81/f_ansi_bel
stdio/ansi/zx81/f_ansi_char
stdio/ansi/zx81/f_ansi_cls
stdio/ansi/zx81/f_ansi_dline
stdio/ansi/zx81/f_ansi_scrollup
time/zx81/clock
games/zx81snd/joystick
games/zx81snd/bit_open
games/zx81snd/bit_open_di
games/zx81snd/bit_close
games/zx81snd/bit_close_ei
games/bit_play
games/zx81snd/bit_fx
games/zx81snd/bit_fx2
games/zx81snd/bit_fx3
games/zx81snd/bit_fx4
games/bit_frequency
games/bit_beep
games/zx81snd/beeper
games/zx81snd/bit_synth
z80_crt0s/z80_emu/afswap
@zx81/zx81.lst
psg/zx81/set_psg
psg/zx81/set_psg_callee
psg/zx81/get_psg
psg/zx81/psg_init
@psg/psg.lst
@z80.lst
