l/sdcc/___sdcc_call_hl
l/sdcc/___sdcc_call_iy
l/sdcc/___sdcc_enter_ix
l/sdcc/__divschar
l/sdcc/__divschar_callee
l/sdcc/__divsint
l/sdcc/__divsint_callee
l/sdcc/__divslong
l/sdcc/__divslong_callee
l/sdcc/__divsuchar
l/sdcc/__divsuchar_callee
l/sdcc/__divuchar
l/sdcc/__divuchar_callee
l/sdcc/__divuint
l/sdcc/__divuint_callee
l/sdcc/__divulong
l/sdcc/__divulong_callee
l/sdcc/__divuschar
l/sdcc/__divuschar_callee
l/sdcc/__modschar
l/sdcc/__modschar_callee
l/sdcc/__modsint
l/sdcc/__modsint_callee
l/sdcc/__modslong
l/sdcc/__modslong_callee
l/sdcc/__modsuchar
l/sdcc/__modsuchar_callee
l/sdcc/__moduchar
l/sdcc/__moduchar_callee
l/sdcc/__moduint
l/sdcc/__moduint_callee
l/sdcc/__modulong
l/sdcc/__modulong_callee
l/sdcc/__moduschar
l/sdcc/__moduschar_callee
l/sdcc/__mulint
l/sdcc/__mulint_callee
l/sdcc/__mullong
l/sdcc/__mullong_callee
l/sdcc/__mulschar
l/sdcc/__mulschar_callee
l/sdcc/__mulsuchar
l/sdcc/__mulsuchar_callee
l/sdcc/__muluschar
l/sdcc/__muluschar_callee
