@arch/zx/nirvanap/nirvanap_asm.lst
arch/zx/nirvanap/c/sdcc/NIRVANAP_chars
arch/zx/nirvanap/c/sdcc/NIRVANAP_chars_fastcall
arch/zx/nirvanap/c/sdcc/NIRVANAP_drawT
arch/zx/nirvanap/c/sdcc/NIRVANAP_drawT_callee
arch/zx/nirvanap/c/sdcc/NIRVANAP_drawW
arch/zx/nirvanap/c/sdcc/NIRVANAP_drawW_callee
arch/zx/nirvanap/c/sdcc/NIRVANAP_fillC
arch/zx/nirvanap/c/sdcc/NIRVANAP_fillC_callee
arch/zx/nirvanap/c/sdcc/NIRVANAP_fillT
arch/zx/nirvanap/c/sdcc/NIRVANAP_fillT_callee
arch/zx/nirvanap/c/sdcc/NIRVANAP_paintC
arch/zx/nirvanap/c/sdcc/NIRVANAP_paintC_callee
arch/zx/nirvanap/c/sdcc/NIRVANAP_printC
arch/zx/nirvanap/c/sdcc/NIRVANAP_printC_callee
arch/zx/nirvanap/c/sdcc/NIRVANAP_spriteT
arch/zx/nirvanap/c/sdcc/NIRVANAP_spriteT_callee
arch/zx/nirvanap/c/sdcc/NIRVANAP_start
arch/zx/nirvanap/c/sdcc/NIRVANAP_stop
arch/zx/nirvanap/c/sdcc/NIRVANAP_tiles
arch/zx/nirvanap/c/sdcc/NIRVANAP_tiles_fastcall
arch/zx/nirvanap/c/sdcc/NIRVANAP_wides
arch/zx/nirvanap/c/sdcc/NIRVANAP_wides_fastcall
