z80/z80/asm_im2_append_generic_callback
z80/z80/asm_im2_create_generic_isr
z80/z80/asm_im2_create_generic_isr_8080
z80/z80/asm_im2_init
z80/z80/asm_im2_install_isr
z80/z80/asm_im2_prepend_generic_callback
z80/z80/asm_im2_remove_generic_callback
z80/z80/asm_z80_delay_ms
z80/z80/asm_z80_delay_tstate
z80/z80/asm_z80_get_int_state
z80/z80/asm_z80_indr
z80/z80/asm_z80_inir
z80/z80/asm_z80_inp
z80/z80/asm_z80_otdr
z80/z80/asm_z80_otir
z80/z80/asm_z80_outp
z80/z80/asm_z80_pop_ei
z80/z80/asm_z80_pop_registers
z80/z80/asm_z80_pop_registers_8080
z80/z80/asm_z80_push_di
z80/z80/asm_z80_push_registers
z80/z80/asm_z80_push_registers_8080
z80/z80/asm_z80_set_int_state
z80/z80/__generic_isr_create
z80/z80/__generic_isr_locate_callbacks
z80/z80/__generic_isr_run_callbacks
